2024-05-30T02:01:41.779Z GET /product/list
2024-05-30T02:02:51.350Z GET /product/list
2024-05-30T02:05:02.838Z GET /product/list
2024-05-30T02:05:04.613Z GET /product/list
2024-05-30T02:05:22.302Z GET /product/list
2024-05-30T02:05:23.094Z GET /product/list
2024-05-30T02:05:34.835Z GET /product/list
2024-05-30T02:05:40.945Z GET /product/list
2024-05-30T02:05:44.064Z GET /product/list
2024-05-30T02:05:45.656Z GET /product/list
2024-05-30T02:06:03.874Z GET /product/list
2024-05-30T02:06:15.633Z POST /product/create
2024-05-30T02:06:15.740Z GET /product/list
2024-05-30T02:06:19.299Z GET /product/find/6657df1796bca20c1d8ed1ed
2024-05-30T02:06:48.186Z GET /product/find/6657df1796bca20c1d8ed1ed
2024-05-30T02:06:49.835Z GET /product/find/6657df1796bca20c1d8ed1ed
2024-05-30T02:06:57.757Z PUT /product/6657df1796bca20c1d8ed1ed
2024-05-30T02:06:57.885Z GET /product/list
2024-05-30T02:07:00.247Z GET /product/list
2024-05-30T02:07:42.175Z GET /product/list
2024-05-30T02:07:57.052Z GET /product/find/6657df1796bca20c1d8ed1ed
2024-05-30T02:08:01.466Z PUT /product/6657df1796bca20c1d8ed1ed
2024-05-30T02:08:01.557Z GET /product/list
2024-05-30T02:09:25.326Z GET /product/find/6657df1796bca20c1d8ed1ed
2024-05-30T02:09:28.710Z PUT /product/6657df1796bca20c1d8ed1ed
2024-05-30T02:09:28.811Z GET /product/list
2024-05-30T02:09:52.891Z GET /product/list
2024-05-30T02:09:55.475Z GET /product/list
2024-05-30T02:10:06.588Z GET /product/list
2024-05-30T02:10:08.724Z GET /product/find/6657df1796bca20c1d8ed1ed
2024-05-30T02:10:12.527Z PUT /product/6657df1796bca20c1d8ed1ed
2024-05-30T02:10:12.547Z GET /product/list
2024-05-30T02:11:28.178Z GET /product/list
2024-05-30T02:11:29.160Z GET /product/find/6657df1796bca20c1d8ed1ed
2024-05-30T02:11:34.797Z PUT /product/6657df1796bca20c1d8ed1ed
2024-05-30T02:11:34.891Z GET /product/list
2024-05-30T02:11:36.295Z GET /product/find/6657df1796bca20c1d8ed1ed
2024-05-30T02:11:38.681Z PUT /product/6657df1796bca20c1d8ed1ed
2024-05-30T02:11:38.818Z GET /product/list
2024-05-30T02:11:39.646Z GET /product/find/6657df1796bca20c1d8ed1ed
2024-05-30T02:11:41.835Z PUT /product/6657df1796bca20c1d8ed1ed
2024-05-30T02:11:41.927Z GET /product/list
2024-05-30T02:11:42.854Z GET /product/find/6657df1796bca20c1d8ed1ed
2024-05-30T02:11:47.456Z PUT /product/6657df1796bca20c1d8ed1ed
2024-05-30T02:11:47.620Z GET /product/list
2024-05-30T02:11:50.802Z GET /product/find/6657c7b51d8683d46385d500
2024-05-30T02:12:13.472Z PUT /product/6657c7b51d8683d46385d500
2024-05-30T02:12:13.601Z GET /product/list
2024-05-30T02:12:15.170Z GET /product/find/6657df1796bca20c1d8ed1ed
2024-05-30T02:12:33.320Z PUT /product/6657df1796bca20c1d8ed1ed
2024-05-30T02:12:33.410Z GET /product/list
2024-05-30T02:12:36.161Z GET /product/list
2024-05-30T02:12:37.065Z GET /product/list
2024-05-30T02:12:39.478Z GET /product/find/6657df1796bca20c1d8ed1ed
2024-05-30T02:13:05.150Z PUT /product/6657df1796bca20c1d8ed1ed
2024-05-30T02:13:05.265Z GET /product/list
2024-05-30T02:13:14.001Z POST /product/create
2024-05-30T02:13:14.134Z GET /product/list
2024-05-30T02:13:14.278Z GET /7
2024-05-30T02:13:16.940Z DELETE /product/6657e0ba96bca20c1d8ed21a
2024-05-30T02:13:17.037Z GET /product/list
2024-05-30T02:13:18.461Z GET /product/list
2024-05-30T02:16:06.335Z GET /product/list
2024-05-30T02:16:07.732Z GET /product/list
2024-05-30T02:16:07.827Z GET /product/list
2024-05-30T02:16:09.257Z GET /product/list
2024-05-30T02:16:09.394Z GET /product/list
2024-05-30T02:16:10.685Z GET /product/list
2024-05-30T02:16:10.765Z GET /product/list
2024-05-30T02:16:46.184Z GET /product/list
2024-05-30T02:16:47.253Z GET /product/list
2024-05-30T02:16:47.366Z GET /product/list
2024-05-30T02:16:48.889Z GET /product/list
2024-05-30T02:16:49.009Z GET /product/list
2024-05-30T02:16:50.231Z GET /product/list
2024-05-30T02:16:50.319Z GET /product/list
2024-05-30T02:17:14.088Z GET /product/find/6657c7b51d8683d46385d500
2024-05-30T02:17:16.929Z PUT /product/6657c7b51d8683d46385d500
2024-05-30T02:17:17.033Z GET /product/list
2024-05-30T02:17:18.869Z GET /product/list
2024-05-30T02:17:21.290Z GET /product/list
2024-05-30T02:17:21.420Z GET /product/list
2024-05-30T02:17:22.696Z GET /product/list
2024-05-30T02:17:22.826Z GET /product/list
2024-05-30T02:17:24.666Z GET /product/list
2024-05-30T02:17:24.868Z GET /product/list
2024-05-30T02:17:25.661Z GET /product/list
2024-05-30T02:17:25.744Z GET /product/list
2024-05-30T02:17:26.443Z GET /product/list
2024-05-30T02:17:26.527Z GET /product/list
2024-05-30T02:17:27.526Z GET /product/list
2024-05-30T02:17:27.609Z GET /product/list
2024-05-30T02:17:28.450Z GET /product/list
2024-05-30T02:17:28.542Z GET /product/list
2024-05-30T02:17:30.213Z GET /product/list
2024-05-30T02:17:30.332Z GET /product/list
2024-05-30T02:17:31.453Z GET /product/list
2024-05-30T02:17:31.534Z GET /product/list
2024-05-30T02:17:32.482Z GET /product/list
2024-05-30T02:17:32.564Z GET /product/list
2024-05-30T02:19:29.775Z GET /product/list
