2024-06-01T19:57:10.199Z GET /room/list
2024-06-01T19:57:10.939Z GET /room/list
2024-06-01T19:57:22.318Z POST /room/create
2024-06-01T19:57:22.341Z GET /room/list
2024-06-01T20:00:36.967Z GET /room/list
2024-06-01T20:00:53.530Z POST /room/create
2024-06-01T20:00:53.568Z GET /room/list
2024-06-01T20:04:02.260Z GET /room/list
2024-06-01T20:04:25.471Z GET /room/list
2024-06-01T20:04:34.337Z POST /room/create
2024-06-01T20:04:34.388Z GET /room/list
2024-06-01T20:13:53.005Z GET /room/list
2024-06-01T20:14:10.144Z GET /room/list
2024-06-01T20:14:23.422Z POST /room/create
2024-06-01T20:14:23.432Z GET /room/list
2024-06-01T20:15:56.930Z GET /room/list
2024-06-01T20:16:12.950Z POST /room/create
2024-06-01T20:16:13.035Z GET /room/list
2024-06-01T20:16:17.586Z GET /room/find/665b818cda09b37a16260040
2024-06-01T20:16:19.326Z DELETE /room/delete/665b818cda09b37a16260040
2024-06-01T20:16:19.433Z GET /room/list
2024-06-01T20:16:20.723Z GET /room/list
2024-06-01T20:16:29.754Z POST /room/create
2024-06-01T20:16:29.813Z GET /room/list
2024-06-01T20:16:30.960Z GET /room/find/665b819dda09b37a16260047
2024-06-01T20:17:27.344Z GET /room/list
2024-06-01T20:17:29.265Z GET /room/find/665b819dda09b37a16260047
2024-06-01T20:17:51.336Z GET /room/list
2024-06-01T20:17:52.905Z GET /room/find/665b5a1fc7ad076272920599
2024-06-01T20:18:44.450Z GET /room/list
2024-06-01T20:18:45.598Z GET /room/find/665b819dda09b37a16260047
2024-06-01T20:19:06.880Z GET /room/list
2024-06-01T20:19:08.212Z GET /room/find/665b819dda09b37a16260047
2024-06-01T20:19:17.864Z GET /room/find/665b5a1fc7ad076272920599
2024-06-01T20:19:34.204Z GET /room/list
2024-06-01T20:19:35.964Z GET /room/find/665b819dda09b37a16260047
2024-06-01T20:19:47.699Z GET /room/list
2024-06-01T20:19:48.933Z GET /room/find/665b5412b4fa86a81e43009f
2024-06-01T20:19:59.978Z GET /room/list
2024-06-01T20:20:01.389Z GET /room/find/665b5412b4fa86a81e43009f
2024-06-01T20:21:14.750Z GET /room/list
2024-06-01T20:21:16.578Z GET /room/find/665b5412b4fa86a81e43009f
2024-06-01T20:21:40.961Z GET /room/list
2024-06-01T20:21:42.016Z GET /room/find/665b5412b4fa86a81e43009f
2024-06-01T20:22:07.599Z GET /room/list
2024-06-01T20:22:08.811Z GET /room/find/665b5412b4fa86a81e43009f
2024-06-01T20:22:19.754Z GET /room/list
2024-06-01T20:22:20.886Z GET /room/find/665b5412b4fa86a81e43009f
2024-06-01T20:22:37.784Z GET /room/list
2024-06-01T20:22:39.894Z GET /room/find/665b5412b4fa86a81e43009f
2024-06-01T20:23:20.495Z GET /room/list
2024-06-01T20:23:21.816Z GET /room/find/665b5412b4fa86a81e43009f
2024-06-01T20:23:41.556Z GET /room/list
2024-06-01T20:23:43.231Z GET /room/find/665b5412b4fa86a81e43009f
2024-06-01T20:24:17.755Z GET /room/list
2024-06-01T20:24:18.868Z GET /room/find/665b5412b4fa86a81e43009f
2024-06-01T20:25:18.042Z GET /room/list
2024-06-01T20:25:19.311Z GET /room/find/665b5412b4fa86a81e43009f
2024-06-01T20:25:50.341Z GET /room/list
2024-06-01T20:25:51.285Z GET /room/find/665b5412b4fa86a81e43009f
2024-06-01T20:28:17.752Z GET /room/list
2024-06-01T20:28:19.074Z GET /room/find/665b5412b4fa86a81e43009f
2024-06-01T20:28:52.777Z GET /room/list
2024-06-01T20:28:54.086Z GET /room/find/665b5412b4fa86a81e43009f
2024-06-01T20:29:10.168Z GET /room/list
2024-06-01T20:29:11.274Z GET /room/find/665b5412b4fa86a81e43009f
2024-06-01T20:29:25.356Z GET /room/list
2024-06-01T20:29:26.882Z GET /room/find/665b5412b4fa86a81e43009f
2024-06-01T20:29:41.322Z GET /room/list
2024-06-01T20:29:42.499Z GET /room/find/665b5412b4fa86a81e43009f
2024-06-01T20:29:59.371Z GET /room/list
2024-06-01T20:30:00.410Z GET /room/find/665b5412b4fa86a81e43009f
2024-06-01T20:31:43.812Z GET /room/list
2024-06-01T20:31:44.912Z GET /room/find/665b5412b4fa86a81e43009f
2024-06-01T20:32:14.161Z GET /room/find/665b5a1fc7ad076272920599
2024-06-01T20:34:41.697Z GET /room/list
2024-06-01T20:34:52.290Z GET /room/find/665b5a1fc7ad076272920599
2024-06-01T20:34:53.291Z GET /room/find/665b5a1fc7ad076272920599
2024-06-01T20:35:26.079Z GET /room/list
2024-06-01T20:35:27.536Z GET /room/find/665b819dda09b37a16260047
2024-06-01T20:35:28.790Z GET /room/find/665b819dda09b37a16260047
2024-06-01T20:35:47.942Z GET /room/list
2024-06-01T20:35:49.877Z GET /room/find/665b819dda09b37a16260047
2024-06-01T20:35:51.134Z GET /room/find/665b819dda09b37a16260047
2024-06-01T20:35:53.385Z GET /room/find/665b819dda09b37a16260047
2024-06-01T20:35:54.690Z GET /room/find/665b819dda09b37a16260047
2024-06-01T20:35:55.686Z GET /room/find/665b819dda09b37a16260047
2024-06-01T20:35:58.531Z GET /room/find/665b819dda09b37a16260047
2024-06-01T20:36:00.744Z GET /room/find/665b819dda09b37a16260047
2024-06-01T20:36:10.277Z GET /room/find/665b819dda09b37a16260047
2024-06-01T20:36:13.105Z GET /room/find/665b819dda09b37a16260047
2024-06-01T20:36:17.199Z GET /room/find/665b819dda09b37a16260047
2024-06-01T20:36:18.188Z GET /room/find/665b819dda09b37a16260047
2024-06-01T20:36:22.543Z GET /room/find/665b5a1fc7ad076272920599
2024-06-01T20:36:23.712Z GET /room/find/665b5a1fc7ad076272920599
2024-06-01T20:36:28.904Z GET /room/find/665b5a1fc7ad076272920599
2024-06-01T20:36:29.895Z GET /room/find/665b5a1fc7ad076272920599
2024-06-01T20:36:34.184Z GET /room/find/665b5a1fc7ad076272920599
2024-06-01T20:36:39.960Z GET /room/find/665b5a1fc7ad076272920599
2024-06-01T20:37:03.844Z GET /room/list
2024-06-01T20:37:34.318Z GET /room/list
2024-06-01T20:37:35.745Z GET /room/find/665b5a1fc7ad076272920599
2024-06-01T20:37:36.509Z GET /room/find/665b5a1fc7ad076272920599
2024-06-01T20:37:41.401Z GET /room/find/665b5412b4fa86a81e43009f
2024-06-01T20:37:42.197Z GET /room/find/665b5412b4fa86a81e43009f
2024-06-01T20:37:44.308Z GET /room/find/665b5412b4fa86a81e43009f
2024-06-01T20:37:45.185Z GET /room/find/665b5412b4fa86a81e43009f
2024-06-01T20:37:47.541Z GET /room/find/665b819dda09b37a16260047
2024-06-01T20:37:48.411Z GET /room/find/665b819dda09b37a16260047
2024-06-01T20:37:54.666Z PUT /room/update/665b819dda09b37a16260047
2024-06-01T20:37:54.787Z GET /room/list
2024-06-01T20:38:06.073Z GET /room/list
2024-06-01T20:38:07.307Z GET /room/find/665b819dda09b37a16260047
2024-06-01T20:38:08.909Z GET /room/find/665b819dda09b37a16260047
2024-06-01T20:38:11.148Z PUT /room/update/665b819dda09b37a16260047
2024-06-01T20:38:11.292Z GET /room/list
2024-06-01T20:38:13.564Z GET /room/find/665b819dda09b37a16260047
2024-06-01T20:38:14.750Z GET /room/find/665b819dda09b37a16260047
2024-06-01T20:38:17.794Z PUT /room/update/665b819dda09b37a16260047
2024-06-01T20:38:17.934Z GET /room/list
2024-06-01T20:38:19.760Z GET /room/find/665b819dda09b37a16260047
2024-06-01T20:38:20.922Z GET /room/find/665b819dda09b37a16260047
2024-06-01T20:38:28.029Z PUT /room/update/665b819dda09b37a16260047
2024-06-01T20:38:28.132Z GET /room/list
2024-06-01T20:38:30.742Z GET /room/find/665b819dda09b37a16260047
2024-06-01T20:38:32.065Z GET /room/find/665b819dda09b37a16260047
2024-06-01T20:38:34.511Z PUT /room/update/665b819dda09b37a16260047
2024-06-01T20:38:34.637Z GET /room/list
2024-06-01T20:38:36.058Z GET /room/find/665b819dda09b37a16260047
2024-06-01T20:38:38.957Z GET /room/find/665b819dda09b37a16260047
2024-06-01T20:38:52.637Z PUT /room/update/665b819dda09b37a16260047
2024-06-01T20:38:52.872Z GET /room/list
2024-06-01T20:38:54.060Z GET /room/find/665b819dda09b37a16260047
2024-06-01T20:38:58.003Z GET /room/find/665b819dda09b37a16260047
2024-06-01T20:38:59.007Z GET /room/find/665b819dda09b37a16260047
2024-06-01T20:39:02.835Z GET /room/list
2024-06-01T20:39:05.251Z GET /room/find/665b819dda09b37a16260047
2024-06-01T20:39:06.808Z GET /room/find/665b819dda09b37a16260047
2024-06-01T20:39:08.279Z PUT /room/update/665b819dda09b37a16260047
2024-06-01T20:39:08.511Z GET /room/list
